{"/home/evan/career-track/merge-sort/merge-sort.js": {"path":"/home/evan/career-track/merge-sort/merge-sort.js","statementMap":{"0":{"start":{"line":1,"column":14},"end":{"line":30,"column":1}},"1":{"start":{"line":2,"column":10},"end":{"line":2,"column":11}},"2":{"start":{"line":3,"column":10},"end":{"line":3,"column":11}},"3":{"start":{"line":4,"column":10},"end":{"line":4,"column":11}},"4":{"start":{"line":6,"column":2},"end":{"line":15,"column":3}},"5":{"start":{"line":7,"column":4},"end":{"line":13,"column":5}},"6":{"start":{"line":8,"column":6},"end":{"line":8,"column":23}},"7":{"start":{"line":9,"column":6},"end":{"line":9,"column":10}},"8":{"start":{"line":11,"column":6},"end":{"line":11,"column":24}},"9":{"start":{"line":12,"column":6},"end":{"line":12,"column":10}},"10":{"start":{"line":14,"column":4},"end":{"line":14,"column":8}},"11":{"start":{"line":16,"column":2},"end":{"line":28,"column":3}},"12":{"start":{"line":17,"column":4},"end":{"line":21,"column":5}},"13":{"start":{"line":18,"column":6},"end":{"line":18,"column":23}},"14":{"start":{"line":19,"column":6},"end":{"line":19,"column":10}},"15":{"start":{"line":20,"column":6},"end":{"line":20,"column":10}},"16":{"start":{"line":23,"column":4},"end":{"line":27,"column":5}},"17":{"start":{"line":24,"column":6},"end":{"line":24,"column":22}},"18":{"start":{"line":25,"column":6},"end":{"line":25,"column":10}},"19":{"start":{"line":26,"column":6},"end":{"line":26,"column":10}},"20":{"start":{"line":29,"column":2},"end":{"line":29,"column":13}},"21":{"start":{"line":32,"column":18},"end":{"line":47,"column":1}},"22":{"start":{"line":33,"column":12},"end":{"line":33,"column":22}},"23":{"start":{"line":36,"column":2},"end":{"line":45,"column":3}},"24":{"start":{"line":37,"column":4},"end":{"line":37,"column":15}},"25":{"start":{"line":39,"column":16},"end":{"line":39,"column":31}},"26":{"start":{"line":40,"column":16},"end":{"line":40,"column":33}},"27":{"start":{"line":41,"column":17},"end":{"line":41,"column":34}},"28":{"start":{"line":42,"column":4},"end":{"line":42,"column":20}},"29":{"start":{"line":43,"column":4},"end":{"line":43,"column":21}},"30":{"start":{"line":44,"column":4},"end":{"line":44,"column":37}},"31":{"start":{"line":46,"column":2},"end":{"line":46,"column":16}},"32":{"start":{"line":49,"column":0},"end":{"line":49,"column":27}}},"fnMap":{"0":{"name":"(anonymous_0)","decl":{"start":{"line":1,"column":14},"end":{"line":1,"column":15}},"loc":{"start":{"line":1,"column":36},"end":{"line":30,"column":1}},"line":1},"1":{"name":"(anonymous_1)","decl":{"start":{"line":32,"column":18},"end":{"line":32,"column":19}},"loc":{"start":{"line":32,"column":27},"end":{"line":47,"column":1}},"line":32}},"branchMap":{"0":{"loc":{"start":{"line":6,"column":8},"end":{"line":6,"column":43}},"type":"binary-expr","locations":[{"start":{"line":6,"column":8},"end":{"line":6,"column":23}},{"start":{"line":6,"column":27},"end":{"line":6,"column":43}}],"line":6},"1":{"loc":{"start":{"line":7,"column":4},"end":{"line":13,"column":5}},"type":"if","locations":[{"start":{"line":7,"column":4},"end":{"line":13,"column":5}},{"start":{"line":7,"column":4},"end":{"line":13,"column":5}}],"line":7},"2":{"loc":{"start":{"line":16,"column":2},"end":{"line":28,"column":3}},"type":"if","locations":[{"start":{"line":16,"column":2},"end":{"line":28,"column":3}},{"start":{"line":16,"column":2},"end":{"line":28,"column":3}}],"line":16},"3":{"loc":{"start":{"line":36,"column":2},"end":{"line":45,"column":3}},"type":"if","locations":[{"start":{"line":36,"column":2},"end":{"line":45,"column":3}},{"start":{"line":36,"column":2},"end":{"line":45,"column":3}}],"line":36}},"s":{"0":1,"1":5,"2":5,"3":5,"4":5,"5":9,"6":4,"7":4,"8":5,"9":5,"10":9,"11":5,"12":3,"13":4,"14":4,"15":4,"16":2,"17":3,"18":3,"19":3,"20":5,"21":1,"22":11,"23":11,"24":6,"25":5,"26":5,"27":5,"28":5,"29":5,"30":5,"31":5,"32":1},"f":{"0":5,"1":11},"b":{"0":[14,11],"1":[4,5],"2":[3,2],"3":[6,5]},"_coverageSchema":"43e27e138ebf9cfc5966b082cf9a028302ed4184","hash":"21fd69aa1e1fc0e23815462d6d74ac2e71399ec7"}
}
