TN:
SF:/home/evan/career-track/merge-sort/merge-sort.js
FN:1,(anonymous_0)
FN:32,(anonymous_1)
FNF:2
FNH:2
FNDA:5,(anonymous_0)
FNDA:11,(anonymous_1)
DA:1,1
DA:2,5
DA:3,5
DA:4,5
DA:6,5
DA:7,9
DA:8,4
DA:9,4
DA:11,5
DA:12,5
DA:14,9
DA:16,5
DA:17,3
DA:18,4
DA:19,4
DA:20,4
DA:23,2
DA:24,3
DA:25,3
DA:26,3
DA:29,5
DA:32,1
DA:33,11
DA:36,11
DA:37,6
DA:39,5
DA:40,5
DA:41,5
DA:42,5
DA:43,5
DA:44,5
DA:46,5
DA:49,1
LF:33
LH:33
BRDA:6,0,0,14
BRDA:6,0,1,11
BRDA:7,1,0,4
BRDA:7,1,1,5
BRDA:16,2,0,3
BRDA:16,2,1,2
BRDA:36,3,0,6
BRDA:36,3,1,5
BRF:8
BRH:8
end_of_record
